
> web@0.1.0 build
> next build

⚠ Warning: Next.js inferred your workspace root, but it may not be correct.
 We detected multiple lockfiles and selected the directory of C:\Users\DELL\pnpm-lock.yaml as the root directory.
 To silence this warning, set `turbopack.root` in your Next.js config, or consider removing one of the lockfiles if it's not needed.
   See https://nextjs.org/docs/app/api-reference/config/next-config-js/turbopack#root-directory for more information.
 Detected additional lockfiles: 
   * C:\Users\DELL\Desktop\zeplynkWeb\Zeplynk-main\Zeplynk-main\web\package-lock.json
   * C:\Users\DELL\Desktop\zeplynkWeb\Zeplynk-main\Zeplynk-main\package-lock.json

▲ Next.js 16.1.6 (Turbopack)

  Creating an optimized production build ...

> Build error occurred
Error: Turbopack build failed with 1 errors:
./Desktop/zeplynkWeb/Zeplynk-main/Zeplynk-main/web/app/globals.css
Error evaluating Node.js code
CssSyntaxError: C:\Users\DELL\Desktop\zeplynkWeb\Zeplynk-main\Zeplynk-main\web\app\globals.css:1:1: The `border-border` class does not exist. If `border-border` is a custom class, make sure it is defined within a `@layer` directive.
    at Input.error (Desktop/zeplynkWeb/Zeplynk-main/Zeplynk-main/web/node_modules/postcss/lib/input.js:135:16) [C:\Users\DELL\Desktop\zeplynkWeb\Zeplynk-main\Zeplynk-main\web\.next\build\chunks\b6572_61c7dbf9._.js:4651:22]
    at AtRule.error (Desktop/zeplynkWeb/Zeplynk-main/Zeplynk-main/web/node_modules/postcss/lib/node.js:146:32) [C:\Users\DELL\Desktop\zeplynkWeb\Zeplynk-main\Zeplynk-main\web\.next\build\chunks\b6572_61c7dbf9._.js:928:38]
    [at processApply (C:\Users\DELL\Desktop\zeplynkWeb\Zeplynk-main\Zeplynk-main\web\node_modules\tailwindcss\lib\lib\expandApplyAtRules.js:380:29)]
    [at C:\Users\DELL\Desktop\zeplynkWeb\Zeplynk-main\Zeplynk-main\web\node_modules\tailwindcss\lib\lib\expandApplyAtRules.js:551:9]
    [at C:\Users\DELL\Desktop\zeplynkWeb\Zeplynk-main\Zeplynk-main\web\node_modules\tailwindcss\lib\processTailwindFeatures.js:55:50]
    [at process.processTicksAndRejections (node:internal/process/task_queues:105:5)]
    [at async plugins (C:\Users\DELL\Desktop\zeplynkWeb\Zeplynk-main\Zeplynk-main\web\node_modules\tailwindcss\lib\plugin.js:38:17)]
    at async LazyResult.runAsync (Desktop/zeplynkWeb/Zeplynk-main/Zeplynk-main/web/node_modules/postcss/lib/lazy-result.js:293:11) [C:\Users\DELL\Desktop\zeplynkWeb\Zeplynk-main\Zeplynk-main\web\.next\build\chunks\b6572_61c7dbf9._.js:6206:21]
    at async transform (turbopack:///[turbopack-node]/transforms/postcss.ts:70:34) [C:\Users\DELL\Desktop\zeplynkWeb\Zeplynk-main\Zeplynk-main\web\.next\build\chunks\[root-of-the-server]__4ec2e95c._.js:172:36]
    at async run (turbopack:///[turbopack-node]/ipc/evaluate.ts:92:23) [C:\Users\DELL\Desktop\zeplynkWeb\Zeplynk-main\Zeplynk-main\web\.next\build\chunks\[root-of-the-server]__088c8251._.js:443:31]

Import trace:
  Client Component Browser:
    ./Desktop/zeplynkWeb/Zeplynk-main/Zeplynk-main/web/app/globals.css [Client Component Browser]
    ./Desktop/zeplynkWeb/Zeplynk-main/Zeplynk-main/web/app/layout.tsx [Server Component]


    at async transform (turbopack:///[turbopack-node]/transforms/postcss.ts:70:34) [C:\Users\DELL\Desktop\zeplynkWeb\Zeplynk-main\Zeplynk-main\web\.next\build\chunks\[root-of-the-server]__4ec2e95c._.js:172:36])
    at async run (turbopack:///[turbopack-node]/ipc/evaluate.ts:92:23) [C:\Users\DELL\Desktop\zeplynkWeb\Zeplynk-main\Zeplynk-main\web\.next\build\chunks\[root-of-the-server]__088c8251._.js:443:31])
